============================================================
Time  2021/08/14 15:18:40 885 
============================================================
[2021/08/14 15:18:40 885] lgi        684  SYS_MSG_LOAD  
[2021/08/14 15:18:40 885] lgi        706  SYS_MSG_REGCB  msp_status_cb  func(d0013960) 
[2021/08/14 15:18:40 885] lgi        298  LGI_MSG_INIT  
[2021/08/14 15:18:40 885] lgi        305  lgi  lgi_  268436457  1573451739  
[2021/08/14 15:18:40 885] lgi        347  work_dir  .  
[2021/08/14 15:18:40 885] lgi        403  token:  nil  
[2021/08/14 15:18:40 885] lgi        476  msc cver : 5.0.44.1288  
[2021/08/14 15:18:40 924] lgi        519  ns_enable=  1  
[2021/08/14 15:18:40 924] lgi        531  prot_ver=1  
[2021/08/14 15:18:40 924] lgi        542  prot_type=tcp  
[2021/08/14 15:18:40 924] lgi        693  SYS_MSG_UNLOAD  go bg!  
[2021/08/14 15:18:41 248] lgi        697  SYS_MSG_SHUTDOWN  
============================================================
Time  2021/08/14 15:23:14 227 
============================================================
[2021/08/14 15:23:14 227] lgi        684  SYS_MSG_LOAD  
[2021/08/14 15:23:14 228] lgi        706  SYS_MSG_REGCB  msp_status_cb  func(28013960) 
[2021/08/14 15:23:14 228] lgi        298  LGI_MSG_INIT  
[2021/08/14 15:23:14 228] lgi        305  lgi  lgi_  268436457  1573451739  
[2021/08/14 15:23:14 228] lgi        347  work_dir  .  
[2021/08/14 15:23:14 228] lgi        403  token:  nil  
[2021/08/14 15:23:14 228] lgi        476  msc cver : 5.0.44.1288  
[2021/08/14 15:23:14 228] lgi        519  ns_enable=  1  
[2021/08/14 15:23:14 228] lgi        531  prot_ver=1  
[2021/08/14 15:23:14 228] lgi        542  prot_type=tcp  
[2021/08/14 15:23:14 228] lgi        693  SYS_MSG_UNLOAD  go bg!  
[2021/08/14 15:23:14 229] lgi        697  SYS_MSG_SHUTDOWN  
============================================================
Time  2021/08/14 15:23:29 219 
============================================================
[2021/08/14 15:23:29 219] lgi        684  SYS_MSG_LOAD  
[2021/08/14 15:23:29 220] lgi        706  SYS_MSG_REGCB  msp_status_cb  func(f8013960) 
[2021/08/14 15:23:29 220] lgi        298  LGI_MSG_INIT  
[2021/08/14 15:23:29 220] lgi        305  lgi  lgi_  268436457  1573451739  
[2021/08/14 15:23:29 220] lgi        347  work_dir  .  
[2021/08/14 15:23:29 220] lgi        403  token:  nil  
[2021/08/14 15:23:29 220] lgi        476  msc cver : 5.0.44.1288  
[2021/08/14 15:23:29 220] lgi        519  ns_enable=  1  
[2021/08/14 15:23:29 220] lgi        531  prot_ver=1  
[2021/08/14 15:23:29 220] lgi        542  prot_type=tcp  
[2021/08/14 15:23:29 220] lgi        693  SYS_MSG_UNLOAD  go bg!  
[2021/08/14 15:23:29 251] lgi        697  SYS_MSG_SHUTDOWN  
============================================================
Time  2021/08/14 15:31:10 826 
============================================================
[2021/08/14 15:31:10 826] lgi        684  SYS_MSG_LOAD  
[2021/08/14 15:31:10 826] lgi        706  SYS_MSG_REGCB  msp_status_cb  func(20013960) 
[2021/08/14 15:31:10 826] lgi        298  LGI_MSG_INIT  
[2021/08/14 15:31:10 826] lgi        305  lgi  lgi_  268436457  1573451739  
[2021/08/14 15:31:10 826] lgi        347  work_dir  .  
[2021/08/14 15:31:10 826] lgi        403  token:  nil  
[2021/08/14 15:31:10 826] lgi        476  msc cver : 5.0.44.1288  
[2021/08/14 15:31:10 826] lgi        519  ns_enable=  1  
[2021/08/14 15:31:10 826] lgi        531  prot_ver=1  
[2021/08/14 15:31:10 826] lgi        542  prot_type=tcp  
[2021/08/14 15:31:10 826] lgi        693  SYS_MSG_UNLOAD  go bg!  
[2021/08/14 15:31:10 855] lgi        697  SYS_MSG_SHUTDOWN  
============================================================
Time  2021/08/14 15:31:10 862 
============================================================
[2021/08/14 15:31:10 862] lgi        684  SYS_MSG_LOAD  
[2021/08/14 15:31:10 863] lgi        706  SYS_MSG_REGCB  msp_status_cb  func(74013960) 
[2021/08/14 15:31:10 863] lgi        298  LGI_MSG_INIT  
[2021/08/14 15:31:10 863] lgi        305  lgi  lgi_  268436457  1573451739  
[2021/08/14 15:31:10 863] lgi        347  work_dir  .  
[2021/08/14 15:31:10 863] lgi        403  token:  nil  
[2021/08/14 15:31:10 863] lgi        476  msc cver : 5.0.44.1288  
[2021/08/14 15:31:10 863] lgi        519  ns_enable=  1  
[2021/08/14 15:31:10 863] lgi        531  prot_ver=1  
[2021/08/14 15:31:10 863] lgi        542  prot_type=tcp  
[2021/08/14 15:31:10 863] lgi        693  SYS_MSG_UNLOAD  go bg!  
[2021/08/14 15:31:11 097] lgi        697  SYS_MSG_SHUTDOWN  
============================================================
Time  2021/08/14 15:31:11 104 
============================================================
[2021/08/14 15:31:11 104] lgi        684  SYS_MSG_LOAD  
[2021/08/14 15:31:11 105] lgi        706  SYS_MSG_REGCB  msp_status_cb  func(b8013750) 
[2021/08/14 15:31:11 105] lgi        298  LGI_MSG_INIT  
[2021/08/14 15:31:11 105] lgi        305  lgi  lgi_  268436457  1573451739  
[2021/08/14 15:31:11 105] lgi        347  work_dir  .  
[2021/08/14 15:31:11 105] lgi        403  token:  nil  
[2021/08/14 15:31:11 105] lgi        476  msc cver : 5.0.44.1288  
[2021/08/14 15:31:11 105] lgi        519  ns_enable=  1  
[2021/08/14 15:31:11 105] lgi        531  prot_ver=1  
[2021/08/14 15:31:11 105] lgi        542  prot_type=tcp  
[2021/08/14 15:31:11 105] lgi        693  SYS_MSG_UNLOAD  go bg!  
[2021/08/14 15:31:11 343] lgi        697  SYS_MSG_SHUTDOWN  
============================================================
Time  2021/08/14 15:31:11 350 
============================================================
[2021/08/14 15:31:11 350] lgi        684  SYS_MSG_LOAD  
[2021/08/14 15:31:11 351] lgi        706  SYS_MSG_REGCB  msp_status_cb  func(13750) 
[2021/08/14 15:31:11 351] lgi        298  LGI_MSG_INIT  
[2021/08/14 15:31:11 351] lgi        305  lgi  lgi_  268436457  1573451739  
[2021/08/14 15:31:11 351] lgi        347  work_dir  .  
[2021/08/14 15:31:11 351] lgi        403  token:  nil  
[2021/08/14 15:31:11 351] lgi        476  msc cver : 5.0.44.1288  
[2021/08/14 15:31:11 351] lgi        519  ns_enable=  1  
[2021/08/14 15:31:11 351] lgi        531  prot_ver=1  
[2021/08/14 15:31:11 351] lgi        542  prot_type=tcp  
[2021/08/14 15:31:11 351] lgi        693  SYS_MSG_UNLOAD  go bg!  
[2021/08/14 15:31:11 691] lgi        697  SYS_MSG_SHUTDOWN  
============================================================
Time  2021/08/14 15:31:11 701 
============================================================
[2021/08/14 15:31:11 701] lgi        684  SYS_MSG_LOAD  
[2021/08/14 15:31:11 701] lgi        706  SYS_MSG_REGCB  msp_status_cb  func(d4013960) 
[2021/08/14 15:31:11 701] lgi        298  LGI_MSG_INIT  
[2021/08/14 15:31:11 701] lgi        305  lgi  lgi_  268436457  1573451739  
[2021/08/14 15:31:11 701] lgi        347  work_dir  .  
[2021/08/14 15:31:11 701] lgi        403  token:  nil  
[2021/08/14 15:31:11 701] lgi        476  msc cver : 5.0.44.1288  
[2021/08/14 15:31:11 701] lgi        519  ns_enable=  1  
[2021/08/14 15:31:11 701] lgi        531  prot_ver=1  
[2021/08/14 15:31:11 701] lgi        542  prot_type=tcp  
[2021/08/14 15:31:11 702] lgi        693  SYS_MSG_UNLOAD  go bg!  
[2021/08/14 15:31:11 817] lgi        697  SYS_MSG_SHUTDOWN  
============================================================
Time  2021/08/14 15:31:11 824 
============================================================
[2021/08/14 15:31:11 824] lgi        684  SYS_MSG_LOAD  
[2021/08/14 15:31:11 825] lgi        706  SYS_MSG_REGCB  msp_status_cb  func(70053760) 
[2021/08/14 15:31:11 825] lgi        298  LGI_MSG_INIT  
[2021/08/14 15:31:11 825] lgi        305  lgi  lgi_  268436457  1573451739  
[2021/08/14 15:31:11 825] lgi        347  work_dir  .  
[2021/08/14 15:31:11 825] lgi        403  token:  nil  
[2021/08/14 15:31:11 825] lgi        476  msc cver : 5.0.44.1288  
[2021/08/14 15:31:11 825] lgi        519  ns_enable=  1  
[2021/08/14 15:31:11 825] lgi        531  prot_ver=1  
[2021/08/14 15:31:11 825] lgi        542  prot_type=tcp  
[2021/08/14 15:31:11 825] lgi        693  SYS_MSG_UNLOAD  go bg!  
[2021/08/14 15:31:12 115] lgi        697  SYS_MSG_SHUTDOWN  
============================================================
Time  2021/08/14 15:31:12 122 
============================================================
[2021/08/14 15:31:12 122] lgi        684  SYS_MSG_LOAD  
[2021/08/14 15:31:12 122] lgi        706  SYS_MSG_REGCB  msp_status_cb  func(bc013960) 
[2021/08/14 15:31:12 122] lgi        298  LGI_MSG_INIT  
[2021/08/14 15:31:12 122] lgi        305  lgi  lgi_  268436457  1573451739  
[2021/08/14 15:31:12 123] lgi        347  work_dir  .  
[2021/08/14 15:31:12 123] lgi        403  token:  nil  
[2021/08/14 15:31:12 123] lgi        476  msc cver : 5.0.44.1288  
[2021/08/14 15:31:12 123] lgi        519  ns_enable=  1  
[2021/08/14 15:31:12 123] lgi        531  prot_ver=1  
[2021/08/14 15:31:12 123] lgi        542  prot_type=tcp  
[2021/08/14 15:31:12 123] lgi        693  SYS_MSG_UNLOAD  go bg!  
[2021/08/14 15:31:12 343] lgi        697  SYS_MSG_SHUTDOWN  
============================================================
Time  2021/08/14 15:31:12 351 
============================================================
[2021/08/14 15:31:12 351] lgi        684  SYS_MSG_LOAD  
[2021/08/14 15:31:12 351] lgi        706  SYS_MSG_REGCB  msp_status_cb  func(3c013960) 
[2021/08/14 15:31:12 351] lgi        298  LGI_MSG_INIT  
[2021/08/14 15:31:12 351] lgi        305  lgi  lgi_  268436457  1573451739  
[2021/08/14 15:31:12 351] lgi        347  work_dir  .  
[2021/08/14 15:31:12 351] lgi        403  token:  nil  
[2021/08/14 15:31:12 351] lgi        476  msc cver : 5.0.44.1288  
[2021/08/14 15:31:12 351] lgi        519  ns_enable=  1  
[2021/08/14 15:31:12 351] lgi        531  prot_ver=1  
[2021/08/14 15:31:12 351] lgi        542  prot_type=tcp  
[2021/08/14 15:31:12 351] lgi        693  SYS_MSG_UNLOAD  go bg!  
[2021/08/14 15:31:12 499] lgi        697  SYS_MSG_SHUTDOWN  
============================================================
Time  2021/08/14 15:31:12 507 
============================================================
[2021/08/14 15:31:12 507] lgi        684  SYS_MSG_LOAD  
[2021/08/14 15:31:12 507] lgi        706  SYS_MSG_REGCB  msp_status_cb  func(c0013920) 
[2021/08/14 15:31:12 507] lgi        298  LGI_MSG_INIT  
[2021/08/14 15:31:12 507] lgi        305  lgi  lgi_  268436457  1573451739  
[2021/08/14 15:31:12 507] lgi        347  work_dir  .  
[2021/08/14 15:31:12 507] lgi        403  token:  nil  
[2021/08/14 15:31:12 507] lgi        476  msc cver : 5.0.44.1288  
[2021/08/14 15:31:12 507] lgi        519  ns_enable=  1  
[2021/08/14 15:31:12 507] lgi        531  prot_ver=1  
[2021/08/14 15:31:12 507] lgi        542  prot_type=tcp  
[2021/08/14 15:31:12 507] lgi        693  SYS_MSG_UNLOAD  go bg!  
[2021/08/14 15:31:12 816] lgi        697  SYS_MSG_SHUTDOWN  
============================================================
Time  2021/08/14 15:31:12 824 
============================================================
[2021/08/14 15:31:12 824] lgi        684  SYS_MSG_LOAD  
[2021/08/14 15:31:12 824] lgi        706  SYS_MSG_REGCB  msp_status_cb  func(68013960) 
[2021/08/14 15:31:12 825] lgi        298  LGI_MSG_INIT  
[2021/08/14 15:31:12 825] lgi        305  lgi  lgi_  268436457  1573451739  
[2021/08/14 15:31:12 825] lgi        347  work_dir  .  
[2021/08/14 15:31:12 825] lgi        403  token:  nil  
[2021/08/14 15:31:12 825] lgi        476  msc cver : 5.0.44.1288  
[2021/08/14 15:31:12 825] lgi        519  ns_enable=  1  
[2021/08/14 15:31:12 825] lgi        531  prot_ver=1  
[2021/08/14 15:31:12 825] lgi        542  prot_type=tcp  
[2021/08/14 15:31:12 825] lgi        693  SYS_MSG_UNLOAD  go bg!  
[2021/08/14 15:31:13 266] lgi        697  SYS_MSG_SHUTDOWN  
============================================================
Time  2021/08/14 15:31:13 274 
============================================================
[2021/08/14 15:31:13 274] lgi        684  SYS_MSG_LOAD  
[2021/08/14 15:31:13 275] lgi        706  SYS_MSG_REGCB  msp_status_cb  func(78013960) 
[2021/08/14 15:31:13 275] lgi        298  LGI_MSG_INIT  
[2021/08/14 15:31:13 275] lgi        305  lgi  lgi_  268436457  1573451739  
[2021/08/14 15:31:13 275] lgi        347  work_dir  .  
[2021/08/14 15:31:13 275] lgi        403  token:  nil  
[2021/08/14 15:31:13 275] lgi        476  msc cver : 5.0.44.1288  
[2021/08/14 15:31:13 275] lgi        519  ns_enable=  1  
[2021/08/14 15:31:13 275] lgi        531  prot_ver=1  
[2021/08/14 15:31:13 275] lgi        542  prot_type=tcp  
[2021/08/14 15:31:13 275] lgi        693  SYS_MSG_UNLOAD  go bg!  
[2021/08/14 15:31:13 447] lgi        697  SYS_MSG_SHUTDOWN  
============================================================
Time  2021/08/14 15:31:13 454 
============================================================
[2021/08/14 15:31:13 454] lgi        684  SYS_MSG_LOAD  
[2021/08/14 15:31:13 455] lgi        706  SYS_MSG_REGCB  msp_status_cb  func(7c013960) 
[2021/08/14 15:31:13 455] lgi        298  LGI_MSG_INIT  
[2021/08/14 15:31:13 455] lgi        305  lgi  lgi_  268436457  1573451739  
[2021/08/14 15:31:13 455] lgi        347  work_dir  .  
[2021/08/14 15:31:13 455] lgi        403  token:  nil  
[2021/08/14 15:31:13 455] lgi        476  msc cver : 5.0.44.1288  
[2021/08/14 15:31:13 455] lgi        519  ns_enable=  1  
[2021/08/14 15:31:13 455] lgi        531  prot_ver=1  
[2021/08/14 15:31:13 455] lgi        542  prot_type=tcp  
[2021/08/14 15:31:13 455] lgi        693  SYS_MSG_UNLOAD  go bg!  
[2021/08/14 15:31:13 941] lgi        697  SYS_MSG_SHUTDOWN  
============================================================
Time  2021/08/14 15:31:13 950 
============================================================
[2021/08/14 15:31:13 950] lgi        684  SYS_MSG_LOAD  
[2021/08/14 15:31:13 950] lgi        706  SYS_MSG_REGCB  msp_status_cb  func(58013960) 
[2021/08/14 15:31:13 950] lgi        298  LGI_MSG_INIT  
[2021/08/14 15:31:13 950] lgi        305  lgi  lgi_  268436457  1573451739  
[2021/08/14 15:31:13 950] lgi        347  work_dir  .  
[2021/08/14 15:31:13 950] lgi        403  token:  nil  
[2021/08/14 15:31:13 950] lgi        476  msc cver : 5.0.44.1288  
[2021/08/14 15:31:13 950] lgi        519  ns_enable=  1  
[2021/08/14 15:31:13 950] lgi        531  prot_ver=1  
[2021/08/14 15:31:13 950] lgi        542  prot_type=tcp  
[2021/08/14 15:31:13 951] lgi        693  SYS_MSG_UNLOAD  go bg!  
[2021/08/14 15:31:14 233] lgi        697  SYS_MSG_SHUTDOWN  
============================================================
Time  2021/08/14 15:31:14 240 
============================================================
[2021/08/14 15:31:14 240] lgi        684  SYS_MSG_LOAD  
[2021/08/14 15:31:14 240] lgi        706  SYS_MSG_REGCB  msp_status_cb  func(e8013960) 
[2021/08/14 15:31:14 240] lgi        298  LGI_MSG_INIT  
[2021/08/14 15:31:14 240] lgi        305  lgi  lgi_  268436457  1573451739  
[2021/08/14 15:31:14 240] lgi        347  work_dir  .  
[2021/08/14 15:31:14 240] lgi        403  token:  nil  
[2021/08/14 15:31:14 240] lgi        476  msc cver : 5.0.44.1288  
[2021/08/14 15:31:14 241] lgi        519  ns_enable=  1  
[2021/08/14 15:31:14 241] lgi        531  prot_ver=1  
[2021/08/14 15:31:14 241] lgi        542  prot_type=tcp  
[2021/08/14 15:31:14 241] lgi        693  SYS_MSG_UNLOAD  go bg!  
[2021/08/14 15:31:14 772] lgi        697  SYS_MSG_SHUTDOWN  
============================================================
Time  2021/08/14 15:31:14 780 
============================================================
[2021/08/14 15:31:14 780] lgi        684  SYS_MSG_LOAD  
[2021/08/14 15:31:14 780] lgi        706  SYS_MSG_REGCB  msp_status_cb  func(54013960) 
[2021/08/14 15:31:14 780] lgi        298  LGI_MSG_INIT  
[2021/08/14 15:31:14 780] lgi        305  lgi  lgi_  268436457  1573451739  
[2021/08/14 15:31:14 780] lgi        347  work_dir  .  
[2021/08/14 15:31:14 780] lgi        403  token:  nil  
[2021/08/14 15:31:14 780] lgi        476  msc cver : 5.0.44.1288  
[2021/08/14 15:31:14 780] lgi        519  ns_enable=  1  
[2021/08/14 15:31:14 780] lgi        531  prot_ver=1  
[2021/08/14 15:31:14 780] lgi        542  prot_type=tcp  
[2021/08/14 15:31:14 781] lgi        693  SYS_MSG_UNLOAD  go bg!  
[2021/08/14 15:31:15 384] lgi        697  SYS_MSG_SHUTDOWN  
============================================================
Time  2021/08/14 15:31:15 392 
============================================================
[2021/08/14 15:31:15 392] lgi        684  SYS_MSG_LOAD  
[2021/08/14 15:31:15 392] lgi        706  SYS_MSG_REGCB  msp_status_cb  func(d0013920) 
[2021/08/14 15:31:15 393] lgi        298  LGI_MSG_INIT  
[2021/08/14 15:31:15 393] lgi        305  lgi  lgi_  268436457  1573451739  
[2021/08/14 15:31:15 393] lgi        347  work_dir  .  
[2021/08/14 15:31:15 393] lgi        403  token:  nil  
[2021/08/14 15:31:15 393] lgi        476  msc cver : 5.0.44.1288  
[2021/08/14 15:31:15 393] lgi        519  ns_enable=  1  
[2021/08/14 15:31:15 393] lgi        531  prot_ver=1  
[2021/08/14 15:31:15 393] lgi        542  prot_type=tcp  
[2021/08/14 15:31:15 393] lgi        693  SYS_MSG_UNLOAD  go bg!  
[2021/08/14 15:31:16 106] lgi        697  SYS_MSG_SHUTDOWN  
============================================================
Time  2021/08/14 15:31:16 116 
============================================================
[2021/08/14 15:31:16 116] lgi        684  SYS_MSG_LOAD  
[2021/08/14 15:31:16 116] lgi        706  SYS_MSG_REGCB  msp_status_cb  func(8013960) 
[2021/08/14 15:31:16 116] lgi        298  LGI_MSG_INIT  
[2021/08/14 15:31:16 116] lgi        305  lgi  lgi_  268436457  1573451739  
[2021/08/14 15:31:16 117] lgi        347  work_dir  .  
[2021/08/14 15:31:16 117] lgi        403  token:  nil  
[2021/08/14 15:31:16 117] lgi        476  msc cver : 5.0.44.1288  
[2021/08/14 15:31:16 117] lgi        519  ns_enable=  1  
[2021/08/14 15:31:16 117] lgi        531  prot_ver=1  
[2021/08/14 15:31:16 117] lgi        542  prot_type=tcp  
[2021/08/14 15:31:16 117] lgi        693  SYS_MSG_UNLOAD  go bg!  
[2021/08/14 15:31:16 700] lgi        697  SYS_MSG_SHUTDOWN  
============================================================
Time  2021/08/14 15:31:16 708 
============================================================
[2021/08/14 15:31:16 708] lgi        684  SYS_MSG_LOAD  
[2021/08/14 15:31:16 708] lgi        706  SYS_MSG_REGCB  msp_status_cb  func(ac013960) 
[2021/08/14 15:31:16 709] lgi        298  LGI_MSG_INIT  
[2021/08/14 15:31:16 709] lgi        305  lgi  lgi_  268436457  1573451739  
[2021/08/14 15:31:16 709] lgi        347  work_dir  .  
[2021/08/14 15:31:16 709] lgi        403  token:  nil  
[2021/08/14 15:31:16 709] lgi        476  msc cver : 5.0.44.1288  
[2021/08/14 15:31:16 709] lgi        519  ns_enable=  1  
[2021/08/14 15:31:16 709] lgi        531  prot_ver=1  
[2021/08/14 15:31:16 709] lgi        542  prot_type=tcp  
[2021/08/14 15:31:16 709] lgi        693  SYS_MSG_UNLOAD  go bg!  
[2021/08/14 15:31:17 301] lgi        697  SYS_MSG_SHUTDOWN  
============================================================
Time  2021/08/14 15:31:17 309 
============================================================
[2021/08/14 15:31:17 309] lgi        684  SYS_MSG_LOAD  
[2021/08/14 15:31:17 309] lgi        706  SYS_MSG_REGCB  msp_status_cb  func(c013960) 
[2021/08/14 15:31:17 309] lgi        298  LGI_MSG_INIT  
[2021/08/14 15:31:17 309] lgi        305  lgi  lgi_  268436457  1573451739  
[2021/08/14 15:31:17 309] lgi        347  work_dir  .  
[2021/08/14 15:31:17 309] lgi        403  token:  nil  
[2021/08/14 15:31:17 309] lgi        476  msc cver : 5.0.44.1288  
[2021/08/14 15:31:17 309] lgi        519  ns_enable=  1  
[2021/08/14 15:31:17 309] lgi        531  prot_ver=1  
[2021/08/14 15:31:17 309] lgi        542  prot_type=tcp  
[2021/08/14 15:31:17 309] lgi        693  SYS_MSG_UNLOAD  go bg!  
[2021/08/14 15:31:17 510] lgi        697  SYS_MSG_SHUTDOWN  
============================================================
Time  2021/08/14 15:31:17 517 
============================================================
[2021/08/14 15:31:17 517] lgi        684  SYS_MSG_LOAD  
[2021/08/14 15:31:17 518] lgi        706  SYS_MSG_REGCB  msp_status_cb  func(bc013960) 
[2021/08/14 15:31:17 518] lgi        298  LGI_MSG_INIT  
[2021/08/14 15:31:17 518] lgi        305  lgi  lgi_  268436457  1573451739  
[2021/08/14 15:31:17 518] lgi        347  work_dir  .  
[2021/08/14 15:31:17 518] lgi        403  token:  nil  
[2021/08/14 15:31:17 518] lgi        476  msc cver : 5.0.44.1288  
[2021/08/14 15:31:17 518] lgi        519  ns_enable=  1  
[2021/08/14 15:31:17 518] lgi        531  prot_ver=1  
[2021/08/14 15:31:17 518] lgi        542  prot_type=tcp  
[2021/08/14 15:31:17 518] lgi        693  SYS_MSG_UNLOAD  go bg!  
[2021/08/14 15:31:17 818] lgi        697  SYS_MSG_SHUTDOWN  
============================================================
Time  2021/08/14 15:31:17 825 
============================================================
[2021/08/14 15:31:17 825] lgi        684  SYS_MSG_LOAD  
[2021/08/14 15:31:17 825] lgi        706  SYS_MSG_REGCB  msp_status_cb  func(13960) 
[2021/08/14 15:31:17 825] lgi        298  LGI_MSG_INIT  
[2021/08/14 15:31:17 825] lgi        305  lgi  lgi_  268436457  1573451739  
[2021/08/14 15:31:17 826] lgi        347  work_dir  .  
[2021/08/14 15:31:17 826] lgi        403  token:  nil  
[2021/08/14 15:31:17 826] lgi        476  msc cver : 5.0.44.1288  
[2021/08/14 15:31:17 826] lgi        519  ns_enable=  1  
[2021/08/14 15:31:17 826] lgi        531  prot_ver=1  
[2021/08/14 15:31:17 826] lgi        542  prot_type=tcp  
[2021/08/14 15:31:17 826] lgi        693  SYS_MSG_UNLOAD  go bg!  
[2021/08/14 15:31:18 406] lgi        697  SYS_MSG_SHUTDOWN  
============================================================
Time  2021/08/14 15:31:18 414 
============================================================
[2021/08/14 15:31:18 414] lgi        684  SYS_MSG_LOAD  
[2021/08/14 15:31:18 414] lgi        706  SYS_MSG_REGCB  msp_status_cb  func(c4013960) 
[2021/08/14 15:31:18 414] lgi        298  LGI_MSG_INIT  
[2021/08/14 15:31:18 414] lgi        305  lgi  lgi_  268436457  1573451739  
[2021/08/14 15:31:18 415] lgi        347  work_dir  .  
[2021/08/14 15:31:18 415] lgi        403  token:  nil  
[2021/08/14 15:31:18 415] lgi        476  msc cver : 5.0.44.1288  
[2021/08/14 15:31:18 415] lgi        519  ns_enable=  1  
[2021/08/14 15:31:18 415] lgi        531  prot_ver=1  
[2021/08/14 15:31:18 415] lgi        542  prot_type=tcp  
[2021/08/14 15:31:18 415] lgi        693  SYS_MSG_UNLOAD  go bg!  
[2021/08/14 15:31:18 565] lgi        697  SYS_MSG_SHUTDOWN  
============================================================
Time  2021/08/14 18:29:10 247 
============================================================
[2021/08/14 18:29:10 247] lgi        684  SYS_MSG_LOAD  
[2021/08/14 18:29:10 247] lgi        706  SYS_MSG_REGCB  msp_status_cb  func(24013960) 
[2021/08/14 18:29:10 248] lgi        298  LGI_MSG_INIT  
[2021/08/14 18:29:10 248] lgi        305  lgi  lgi_  268436457  1573451739  
[2021/08/14 18:29:10 248] lgi        347  work_dir  .  
[2021/08/14 18:29:10 248] lgi        403  token:  nil  
[2021/08/14 18:29:10 248] lgi        476  msc cver : 5.0.44.1288  
[2021/08/14 18:29:10 248] lgi        519  ns_enable=  1  
[2021/08/14 18:29:10 248] lgi        531  prot_ver=1  
[2021/08/14 18:29:10 248] lgi        542  prot_type=tcp  
[2021/08/14 18:29:10 248] lgi        693  SYS_MSG_UNLOAD  go bg!  
[2021/08/14 18:29:10 363] lgi        697  SYS_MSG_SHUTDOWN  
============================================================
Time  2021/08/14 18:29:10 372 
============================================================
[2021/08/14 18:29:10 372] lgi        684  SYS_MSG_LOAD  
[2021/08/14 18:29:10 373] lgi        706  SYS_MSG_REGCB  msp_status_cb  func(20013960) 
[2021/08/14 18:29:10 373] lgi        298  LGI_MSG_INIT  
[2021/08/14 18:29:10 373] lgi        305  lgi  lgi_  268436457  1573451739  
[2021/08/14 18:29:10 373] lgi        347  work_dir  .  
[2021/08/14 18:29:10 373] lgi        403  token:  nil  
[2021/08/14 18:29:10 373] lgi        476  msc cver : 5.0.44.1288  
[2021/08/14 18:29:10 373] lgi        519  ns_enable=  1  
[2021/08/14 18:29:10 373] lgi        531  prot_ver=1  
[2021/08/14 18:29:10 373] lgi        542  prot_type=tcp  
[2021/08/14 18:29:10 373] lgi        693  SYS_MSG_UNLOAD  go bg!  
[2021/08/14 18:29:10 503] lgi        697  SYS_MSG_SHUTDOWN  
============================================================
Time  2021/08/14 18:29:10 511 
============================================================
[2021/08/14 18:29:10 511] lgi        684  SYS_MSG_LOAD  
[2021/08/14 18:29:10 512] lgi        706  SYS_MSG_REGCB  msp_status_cb  func(e8013960) 
[2021/08/14 18:29:10 512] lgi        298  LGI_MSG_INIT  
[2021/08/14 18:29:10 512] lgi        305  lgi  lgi_  268436457  1573451739  
[2021/08/14 18:29:10 512] lgi        347  work_dir  .  
[2021/08/14 18:29:10 512] lgi        403  token:  nil  
[2021/08/14 18:29:10 512] lgi        476  msc cver : 5.0.44.1288  
[2021/08/14 18:29:10 512] lgi        519  ns_enable=  1  
[2021/08/14 18:29:10 512] lgi        531  prot_ver=1  
[2021/08/14 18:29:10 512] lgi        542  prot_type=tcp  
[2021/08/14 18:29:10 512] lgi        693  SYS_MSG_UNLOAD  go bg!  
[2021/08/14 18:29:10 765] lgi        697  SYS_MSG_SHUTDOWN  
============================================================
Time  2021/08/14 18:29:10 773 
============================================================
[2021/08/14 18:29:10 773] lgi        684  SYS_MSG_LOAD  
[2021/08/14 18:29:10 773] lgi        706  SYS_MSG_REGCB  msp_status_cb  func(88013960) 
[2021/08/14 18:29:10 773] lgi        298  LGI_MSG_INIT  
[2021/08/14 18:29:10 773] lgi        305  lgi  lgi_  268436457  1573451739  
[2021/08/14 18:29:10 773] lgi        347  work_dir  .  
[2021/08/14 18:29:10 773] lgi        403  token:  nil  
[2021/08/14 18:29:10 773] lgi        476  msc cver : 5.0.44.1288  
[2021/08/14 18:29:10 773] lgi        519  ns_enable=  1  
[2021/08/14 18:29:10 773] lgi        531  prot_ver=1  
[2021/08/14 18:29:10 773] lgi        542  prot_type=tcp  
[2021/08/14 18:29:10 773] lgi        693  SYS_MSG_UNLOAD  go bg!  
[2021/08/14 18:29:10 916] lgi        697  SYS_MSG_SHUTDOWN  
============================================================
Time  2021/08/14 18:29:10 923 
============================================================
[2021/08/14 18:29:10 923] lgi        684  SYS_MSG_LOAD  
[2021/08/14 18:29:10 924] lgi        706  SYS_MSG_REGCB  msp_status_cb  func(a0013960) 
[2021/08/14 18:29:10 924] lgi        298  LGI_MSG_INIT  
[2021/08/14 18:29:10 924] lgi        305  lgi  lgi_  268436457  1573451739  
[2021/08/14 18:29:10 924] lgi        347  work_dir  .  
[2021/08/14 18:29:10 924] lgi        403  token:  nil  
[2021/08/14 18:29:10 924] lgi        476  msc cver : 5.0.44.1288  
[2021/08/14 18:29:10 924] lgi        519  ns_enable=  1  
[2021/08/14 18:29:10 924] lgi        531  prot_ver=1  
[2021/08/14 18:29:10 924] lgi        542  prot_type=tcp  
[2021/08/14 18:29:10 924] lgi        693  SYS_MSG_UNLOAD  go bg!  
[2021/08/14 18:29:11 101] lgi        697  SYS_MSG_SHUTDOWN  
============================================================
Time  2021/08/14 18:29:11 109 
============================================================
[2021/08/14 18:29:11 109] lgi        684  SYS_MSG_LOAD  
[2021/08/14 18:29:11 109] lgi        706  SYS_MSG_REGCB  msp_status_cb  func(58013960) 
[2021/08/14 18:29:11 109] lgi        298  LGI_MSG_INIT  
[2021/08/14 18:29:11 109] lgi        305  lgi  lgi_  268436457  1573451739  
[2021/08/14 18:29:11 109] lgi        347  work_dir  .  
[2021/08/14 18:29:11 109] lgi        403  token:  nil  
[2021/08/14 18:29:11 109] lgi        476  msc cver : 5.0.44.1288  
[2021/08/14 18:29:11 110] lgi        519  ns_enable=  1  
[2021/08/14 18:29:11 110] lgi        531  prot_ver=1  
[2021/08/14 18:29:11 110] lgi        542  prot_type=tcp  
[2021/08/14 18:29:11 110] lgi        693  SYS_MSG_UNLOAD  go bg!  
[2021/08/14 18:29:11 267] lgi        697  SYS_MSG_SHUTDOWN  
============================================================
Time  2021/08/14 18:36:11 796 
============================================================
[2021/08/14 18:36:11 796] lgi        684  SYS_MSG_LOAD  
[2021/08/14 18:36:11 797] lgi        706  SYS_MSG_REGCB  msp_status_cb  func(e8013960) 
[2021/08/14 18:36:11 797] lgi        298  LGI_MSG_INIT  
[2021/08/14 18:36:11 797] lgi        305  lgi  lgi_  268436457  1573451739  
[2021/08/14 18:36:11 797] lgi        347  work_dir  .  
[2021/08/14 18:36:11 797] lgi        403  token:  nil  
[2021/08/14 18:36:11 797] lgi        476  msc cver : 5.0.44.1288  
[2021/08/14 18:36:11 797] lgi        519  ns_enable=  1  
[2021/08/14 18:36:11 797] lgi        531  prot_ver=1  
[2021/08/14 18:36:11 797] lgi        542  prot_type=tcp  
[2021/08/14 18:36:11 797] lgi        693  SYS_MSG_UNLOAD  go bg!  
[2021/08/14 18:36:12 559] lgi        697  SYS_MSG_SHUTDOWN  
============================================================
Time  2021/08/14 18:36:12 568 
============================================================
[2021/08/14 18:36:12 568] lgi        684  SYS_MSG_LOAD  
[2021/08/14 18:36:12 568] lgi        706  SYS_MSG_REGCB  msp_status_cb  func(6c013960) 
[2021/08/14 18:36:12 568] lgi        298  LGI_MSG_INIT  
[2021/08/14 18:36:12 568] lgi        305  lgi  lgi_  268436457  1573451739  
[2021/08/14 18:36:12 568] lgi        347  work_dir  .  
[2021/08/14 18:36:12 568] lgi        403  token:  nil  
[2021/08/14 18:36:12 568] lgi        476  msc cver : 5.0.44.1288  
[2021/08/14 18:36:12 568] lgi        519  ns_enable=  1  
[2021/08/14 18:36:12 568] lgi        531  prot_ver=1  
[2021/08/14 18:36:12 568] lgi        542  prot_type=tcp  
[2021/08/14 18:36:12 568] lgi        693  SYS_MSG_UNLOAD  go bg!  
[2021/08/14 18:36:12 780] lgi        697  SYS_MSG_SHUTDOWN  
============================================================
Time  2021/08/14 18:36:12 789 
============================================================
[2021/08/14 18:36:12 789] lgi        684  SYS_MSG_LOAD  
[2021/08/14 18:36:12 789] lgi        706  SYS_MSG_REGCB  msp_status_cb  func(a0013960) 
[2021/08/14 18:36:12 789] lgi        298  LGI_MSG_INIT  
[2021/08/14 18:36:12 789] lgi        305  lgi  lgi_  268436457  1573451739  
[2021/08/14 18:36:12 789] lgi        347  work_dir  .  
[2021/08/14 18:36:12 789] lgi        403  token:  nil  
[2021/08/14 18:36:12 790] lgi        476  msc cver : 5.0.44.1288  
[2021/08/14 18:36:12 790] lgi        519  ns_enable=  1  
[2021/08/14 18:36:12 790] lgi        531  prot_ver=1  
[2021/08/14 18:36:12 790] lgi        542  prot_type=tcp  
[2021/08/14 18:36:12 790] lgi        693  SYS_MSG_UNLOAD  go bg!  
[2021/08/14 18:36:13 071] lgi        697  SYS_MSG_SHUTDOWN  
============================================================
Time  2021/08/14 18:36:13 079 
============================================================
[2021/08/14 18:36:13 080] lgi        684  SYS_MSG_LOAD  
[2021/08/14 18:36:13 080] lgi        706  SYS_MSG_REGCB  msp_status_cb  func(bc013750) 
[2021/08/14 18:36:13 080] lgi        298  LGI_MSG_INIT  
[2021/08/14 18:36:13 080] lgi        305  lgi  lgi_  268436457  1573451739  
[2021/08/14 18:36:13 080] lgi        347  work_dir  .  
[2021/08/14 18:36:13 080] lgi        403  token:  nil  
[2021/08/14 18:36:13 080] lgi        476  msc cver : 5.0.44.1288  
[2021/08/14 18:36:13 080] lgi        519  ns_enable=  1  
[2021/08/14 18:36:13 080] lgi        531  prot_ver=1  
[2021/08/14 18:36:13 080] lgi        542  prot_type=tcp  
[2021/08/14 18:36:13 080] lgi        693  SYS_MSG_UNLOAD  go bg!  
[2021/08/14 18:36:13 225] lgi        697  SYS_MSG_SHUTDOWN  
============================================================
Time  2021/08/14 18:36:13 232 
============================================================
[2021/08/14 18:36:13 232] lgi        684  SYS_MSG_LOAD  
[2021/08/14 18:36:13 233] lgi        706  SYS_MSG_REGCB  msp_status_cb  func(8c013960) 
[2021/08/14 18:36:13 233] lgi        298  LGI_MSG_INIT  
[2021/08/14 18:36:13 233] lgi        305  lgi  lgi_  268436457  1573451739  
[2021/08/14 18:36:13 233] lgi        347  work_dir  .  
[2021/08/14 18:36:13 233] lgi        403  token:  nil  
[2021/08/14 18:36:13 233] lgi        476  msc cver : 5.0.44.1288  
[2021/08/14 18:36:13 233] lgi        519  ns_enable=  1  
[2021/08/14 18:36:13 233] lgi        531  prot_ver=1  
[2021/08/14 18:36:13 233] lgi        542  prot_type=tcp  
[2021/08/14 18:36:13 233] lgi        693  SYS_MSG_UNLOAD  go bg!  
[2021/08/14 18:36:13 417] lgi        697  SYS_MSG_SHUTDOWN  
============================================================
Time  2021/08/14 18:36:13 425 
============================================================
[2021/08/14 18:36:13 425] lgi        684  SYS_MSG_LOAD  
[2021/08/14 18:36:13 425] lgi        706  SYS_MSG_REGCB  msp_status_cb  func(e8013960) 
[2021/08/14 18:36:13 425] lgi        298  LGI_MSG_INIT  
[2021/08/14 18:36:13 425] lgi        305  lgi  lgi_  268436457  1573451739  
[2021/08/14 18:36:13 426] lgi        347  work_dir  .  
[2021/08/14 18:36:13 426] lgi        403  token:  nil  
[2021/08/14 18:36:13 426] lgi        476  msc cver : 5.0.44.1288  
[2021/08/14 18:36:13 426] lgi        519  ns_enable=  1  
[2021/08/14 18:36:13 426] lgi        531  prot_ver=1  
[2021/08/14 18:36:13 426] lgi        542  prot_type=tcp  
[2021/08/14 18:36:13 426] lgi        693  SYS_MSG_UNLOAD  go bg!  
[2021/08/14 18:36:13 593] lgi        697  SYS_MSG_SHUTDOWN  
============================================================
Time  2021/08/14 23:33:26 930 
============================================================
[2021/08/14 23:33:26 930] lgi        684  SYS_MSG_LOAD  
[2021/08/14 23:33:26 931] lgi        706  SYS_MSG_REGCB  msp_status_cb  func(13960) 
[2021/08/14 23:33:26 931] lgi        298  LGI_MSG_INIT  
[2021/08/14 23:33:26 931] lgi        305  lgi  lgi_  268436457  1573451739  
[2021/08/14 23:33:26 931] lgi        347  work_dir  .  
[2021/08/14 23:33:26 931] lgi        403  token:  nil  
[2021/08/14 23:33:26 931] lgi        476  msc cver : 5.0.44.1288  
[2021/08/14 23:33:26 931] lgi        519  ns_enable=  1  
[2021/08/14 23:33:26 931] lgi        531  prot_ver=1  
[2021/08/14 23:33:26 931] lgi        542  prot_type=tcp  
[2021/08/14 23:33:26 931] lgi        693  SYS_MSG_UNLOAD  go bg!  
[2021/08/14 23:33:28 092] lgi        697  SYS_MSG_SHUTDOWN  
============================================================
Time  2021/08/14 23:33:28 101 
============================================================
[2021/08/14 23:33:28 101] lgi        684  SYS_MSG_LOAD  
[2021/08/14 23:33:28 101] lgi        706  SYS_MSG_REGCB  msp_status_cb  func(24013960) 
[2021/08/14 23:33:28 101] lgi        298  LGI_MSG_INIT  
[2021/08/14 23:33:28 102] lgi        305  lgi  lgi_  268436457  1573451739  
[2021/08/14 23:33:28 102] lgi        347  work_dir  .  
[2021/08/14 23:33:28 102] lgi        403  token:  nil  
[2021/08/14 23:33:28 102] lgi        476  msc cver : 5.0.44.1288  
[2021/08/14 23:33:28 102] lgi        519  ns_enable=  1  
[2021/08/14 23:33:28 102] lgi        531  prot_ver=1  
[2021/08/14 23:33:28 102] lgi        542  prot_type=tcp  
[2021/08/14 23:33:28 102] lgi        693  SYS_MSG_UNLOAD  go bg!  
[2021/08/14 23:33:28 240] lgi        697  SYS_MSG_SHUTDOWN  
============================================================
Time  2021/08/14 23:33:28 248 
============================================================
[2021/08/14 23:33:28 248] lgi        684  SYS_MSG_LOAD  
[2021/08/14 23:33:28 249] lgi        706  SYS_MSG_REGCB  msp_status_cb  func(54013960) 
[2021/08/14 23:33:28 249] lgi        298  LGI_MSG_INIT  
[2021/08/14 23:33:28 249] lgi        305  lgi  lgi_  268436457  1573451739  
[2021/08/14 23:33:28 249] lgi        347  work_dir  .  
[2021/08/14 23:33:28 249] lgi        403  token:  nil  
[2021/08/14 23:33:28 249] lgi        476  msc cver : 5.0.44.1288  
[2021/08/14 23:33:28 249] lgi        519  ns_enable=  1  
[2021/08/14 23:33:28 249] lgi        531  prot_ver=1  
[2021/08/14 23:33:28 249] lgi        542  prot_type=tcp  
[2021/08/14 23:33:28 249] lgi        693  SYS_MSG_UNLOAD  go bg!  
[2021/08/14 23:33:28 574] lgi        697  SYS_MSG_SHUTDOWN  
============================================================
Time  2021/08/14 23:33:28 581 
============================================================
[2021/08/14 23:33:28 581] lgi        684  SYS_MSG_LOAD  
[2021/08/14 23:33:28 581] lgi        706  SYS_MSG_REGCB  msp_status_cb  func(d0013960) 
[2021/08/14 23:33:28 581] lgi        298  LGI_MSG_INIT  
[2021/08/14 23:33:28 581] lgi        305  lgi  lgi_  268436457  1573451739  
[2021/08/14 23:33:28 582] lgi        347  work_dir  .  
[2021/08/14 23:33:28 582] lgi        403  token:  nil  
[2021/08/14 23:33:28 582] lgi        476  msc cver : 5.0.44.1288  
[2021/08/14 23:33:28 582] lgi        519  ns_enable=  1  
[2021/08/14 23:33:28 582] lgi        531  prot_ver=1  
[2021/08/14 23:33:28 582] lgi        542  prot_type=tcp  
[2021/08/14 23:33:28 582] lgi        693  SYS_MSG_UNLOAD  go bg!  
[2021/08/14 23:33:28 737] lgi        697  SYS_MSG_SHUTDOWN  
============================================================
Time  2021/08/14 23:33:28 745 
============================================================
[2021/08/14 23:33:28 745] lgi        684  SYS_MSG_LOAD  
[2021/08/14 23:33:28 745] lgi        706  SYS_MSG_REGCB  msp_status_cb  func(98013960) 
[2021/08/14 23:33:28 745] lgi        298  LGI_MSG_INIT  
[2021/08/14 23:33:28 746] lgi        305  lgi  lgi_  268436457  1573451739  
[2021/08/14 23:33:28 746] lgi        347  work_dir  .  
[2021/08/14 23:33:28 746] lgi        403  token:  nil  
[2021/08/14 23:33:28 746] lgi        476  msc cver : 5.0.44.1288  
[2021/08/14 23:33:28 746] lgi        519  ns_enable=  1  
[2021/08/14 23:33:28 746] lgi        531  prot_ver=1  
[2021/08/14 23:33:28 746] lgi        542  prot_type=tcp  
[2021/08/14 23:33:28 746] lgi        693  SYS_MSG_UNLOAD  go bg!  
[2021/08/14 23:33:28 930] lgi        697  SYS_MSG_SHUTDOWN  
============================================================
Time  2021/08/14 23:33:28 938 
============================================================
[2021/08/14 23:33:28 938] lgi        684  SYS_MSG_LOAD  
[2021/08/14 23:33:28 939] lgi        706  SYS_MSG_REGCB  msp_status_cb  func(20013960) 
[2021/08/14 23:33:28 939] lgi        298  LGI_MSG_INIT  
[2021/08/14 23:33:28 939] lgi        305  lgi  lgi_  268436457  1573451739  
[2021/08/14 23:33:28 939] lgi        347  work_dir  .  
[2021/08/14 23:33:28 939] lgi        403  token:  nil  
[2021/08/14 23:33:28 939] lgi        476  msc cver : 5.0.44.1288  
[2021/08/14 23:33:28 939] lgi        519  ns_enable=  1  
[2021/08/14 23:33:28 939] lgi        531  prot_ver=1  
[2021/08/14 23:33:28 939] lgi        542  prot_type=tcp  
[2021/08/14 23:33:28 939] lgi        693  SYS_MSG_UNLOAD  go bg!  
[2021/08/14 23:33:29 103] lgi        697  SYS_MSG_SHUTDOWN  
============================================================
Time  2021/08/14 23:38:05 913 
============================================================
[2021/08/14 23:38:05 913] lgi        684  SYS_MSG_LOAD  
[2021/08/14 23:38:05 913] lgi        706  SYS_MSG_REGCB  msp_status_cb  func(6c013960) 
[2021/08/14 23:38:05 913] lgi        298  LGI_MSG_INIT  
[2021/08/14 23:38:05 914] lgi        305  lgi  lgi_  268436457  1573451739  
[2021/08/14 23:38:05 914] lgi        347  work_dir  .  
[2021/08/14 23:38:05 914] lgi        403  token:  nil  
[2021/08/14 23:38:05 914] lgi        476  msc cver : 5.0.44.1288  
[2021/08/14 23:38:05 914] lgi        519  ns_enable=  1  
[2021/08/14 23:38:05 914] lgi        531  prot_ver=1  
[2021/08/14 23:38:05 914] lgi        542  prot_type=tcp  
[2021/08/14 23:38:05 914] lgi        693  SYS_MSG_UNLOAD  go bg!  
[2021/08/14 23:38:05 947] lgi        697  SYS_MSG_SHUTDOWN  
============================================================
Time  2021/08/14 23:38:05 955 
============================================================
[2021/08/14 23:38:05 955] lgi        684  SYS_MSG_LOAD  
[2021/08/14 23:38:05 955] lgi        706  SYS_MSG_REGCB  msp_status_cb  func(20013750) 
[2021/08/14 23:38:05 955] lgi        298  LGI_MSG_INIT  
[2021/08/14 23:38:05 956] lgi        305  lgi  lgi_  268436457  1573451739  
[2021/08/14 23:38:05 956] lgi        347  work_dir  .  
[2021/08/14 23:38:05 956] lgi        403  token:  nil  
[2021/08/14 23:38:05 956] lgi        476  msc cver : 5.0.44.1288  
[2021/08/14 23:38:05 956] lgi        519  ns_enable=  1  
[2021/08/14 23:38:05 956] lgi        531  prot_ver=1  
[2021/08/14 23:38:05 956] lgi        542  prot_type=tcp  
[2021/08/14 23:38:05 956] lgi        693  SYS_MSG_UNLOAD  go bg!  
[2021/08/14 23:38:06 098] lgi        697  SYS_MSG_SHUTDOWN  
============================================================
Time  2021/08/14 23:38:06 107 
============================================================
[2021/08/14 23:38:06 107] lgi        684  SYS_MSG_LOAD  
[2021/08/14 23:38:06 107] lgi        706  SYS_MSG_REGCB  msp_status_cb  func(4013750) 
[2021/08/14 23:38:06 107] lgi        298  LGI_MSG_INIT  
[2021/08/14 23:38:06 107] lgi        305  lgi  lgi_  268436457  1573451739  
[2021/08/14 23:38:06 107] lgi        347  work_dir  .  
[2021/08/14 23:38:06 107] lgi        403  token:  nil  
[2021/08/14 23:38:06 107] lgi        476  msc cver : 5.0.44.1288  
[2021/08/14 23:38:06 107] lgi        519  ns_enable=  1  
[2021/08/14 23:38:06 107] lgi        531  prot_ver=1  
[2021/08/14 23:38:06 107] lgi        542  prot_type=tcp  
[2021/08/14 23:38:06 108] lgi        693  SYS_MSG_UNLOAD  go bg!  
[2021/08/14 23:38:06 348] lgi        697  SYS_MSG_SHUTDOWN  
============================================================
Time  2021/08/14 23:38:06 357 
============================================================
[2021/08/14 23:38:06 357] lgi        684  SYS_MSG_LOAD  
[2021/08/14 23:38:06 357] lgi        706  SYS_MSG_REGCB  msp_status_cb  func(20013920) 
[2021/08/14 23:38:06 357] lgi        298  LGI_MSG_INIT  
[2021/08/14 23:38:06 357] lgi        305  lgi  lgi_  268436457  1573451739  
[2021/08/14 23:38:06 357] lgi        347  work_dir  .  
[2021/08/14 23:38:06 357] lgi        403  token:  nil  
[2021/08/14 23:38:06 357] lgi        476  msc cver : 5.0.44.1288  
[2021/08/14 23:38:06 357] lgi        519  ns_enable=  1  
[2021/08/14 23:38:06 357] lgi        531  prot_ver=1  
[2021/08/14 23:38:06 357] lgi        542  prot_type=tcp  
[2021/08/14 23:38:06 357] lgi        693  SYS_MSG_UNLOAD  go bg!  
[2021/08/14 23:38:06 493] lgi        697  SYS_MSG_SHUTDOWN  
============================================================
Time  2021/08/14 23:38:06 500 
============================================================
[2021/08/14 23:38:06 500] lgi        684  SYS_MSG_LOAD  
[2021/08/14 23:38:06 501] lgi        706  SYS_MSG_REGCB  msp_status_cb  func(38013960) 
[2021/08/14 23:38:06 501] lgi        298  LGI_MSG_INIT  
[2021/08/14 23:38:06 501] lgi        305  lgi  lgi_  268436457  1573451739  
[2021/08/14 23:38:06 501] lgi        347  work_dir  .  
[2021/08/14 23:38:06 501] lgi        403  token:  nil  
[2021/08/14 23:38:06 501] lgi        476  msc cver : 5.0.44.1288  
[2021/08/14 23:38:06 501] lgi        519  ns_enable=  1  
[2021/08/14 23:38:06 501] lgi        531  prot_ver=1  
[2021/08/14 23:38:06 501] lgi        542  prot_type=tcp  
[2021/08/14 23:38:06 501] lgi        693  SYS_MSG_UNLOAD  go bg!  
[2021/08/14 23:38:06 690] lgi        697  SYS_MSG_SHUTDOWN  
============================================================
Time  2021/08/14 23:38:06 698 
============================================================
[2021/08/14 23:38:06 698] lgi        684  SYS_MSG_LOAD  
[2021/08/14 23:38:06 699] lgi        706  SYS_MSG_REGCB  msp_status_cb  func(f0013920) 
[2021/08/14 23:38:06 699] lgi        298  LGI_MSG_INIT  
[2021/08/14 23:38:06 699] lgi        305  lgi  lgi_  268436457  1573451739  
[2021/08/14 23:38:06 699] lgi        347  work_dir  .  
[2021/08/14 23:38:06 699] lgi        403  token:  nil  
[2021/08/14 23:38:06 699] lgi        476  msc cver : 5.0.44.1288  
[2021/08/14 23:38:06 699] lgi        519  ns_enable=  1  
[2021/08/14 23:38:06 699] lgi        531  prot_ver=1  
[2021/08/14 23:38:06 699] lgi        542  prot_type=tcp  
[2021/08/14 23:38:06 699] lgi        693  SYS_MSG_UNLOAD  go bg!  
[2021/08/14 23:38:06 858] lgi        697  SYS_MSG_SHUTDOWN  
============================================================
Time  2021/08/14 23:39:22 743 
============================================================
[2021/08/14 23:39:22 743] lgi        684  SYS_MSG_LOAD  
[2021/08/14 23:39:22 743] lgi        706  SYS_MSG_REGCB  msp_status_cb  func(70013960) 
[2021/08/14 23:39:22 743] lgi        298  LGI_MSG_INIT  
[2021/08/14 23:39:22 743] lgi        305  lgi  lgi_  268436457  1573451739  
[2021/08/14 23:39:22 743] lgi        347  work_dir  .  
[2021/08/14 23:39:22 743] lgi        403  token:  nil  
[2021/08/14 23:39:22 743] lgi        476  msc cver : 5.0.44.1288  
[2021/08/14 23:39:22 743] lgi        519  ns_enable=  1  
[2021/08/14 23:39:22 743] lgi        531  prot_ver=1  
[2021/08/14 23:39:22 743] lgi        542  prot_type=tcp  
[2021/08/14 23:39:22 744] lgi        693  SYS_MSG_UNLOAD  go bg!  
[2021/08/14 23:39:22 773] lgi        697  SYS_MSG_SHUTDOWN  
============================================================
Time  2021/08/14 23:39:22 781 
============================================================
[2021/08/14 23:39:22 781] lgi        684  SYS_MSG_LOAD  
[2021/08/14 23:39:22 781] lgi        706  SYS_MSG_REGCB  msp_status_cb  func(60013960) 
[2021/08/14 23:39:22 781] lgi        298  LGI_MSG_INIT  
[2021/08/14 23:39:22 781] lgi        305  lgi  lgi_  268436457  1573451739  
[2021/08/14 23:39:22 781] lgi        347  work_dir  .  
[2021/08/14 23:39:22 781] lgi        403  token:  nil  
[2021/08/14 23:39:22 781] lgi        476  msc cver : 5.0.44.1288  
[2021/08/14 23:39:22 781] lgi        519  ns_enable=  1  
[2021/08/14 23:39:22 781] lgi        531  prot_ver=1  
[2021/08/14 23:39:22 781] lgi        542  prot_type=tcp  
[2021/08/14 23:39:22 782] lgi        693  SYS_MSG_UNLOAD  go bg!  
[2021/08/14 23:39:22 919] lgi        697  SYS_MSG_SHUTDOWN  
============================================================
Time  2021/08/14 23:39:22 927 
============================================================
[2021/08/14 23:39:22 927] lgi        684  SYS_MSG_LOAD  
[2021/08/14 23:39:22 928] lgi        706  SYS_MSG_REGCB  msp_status_cb  func(1c013960) 
[2021/08/14 23:39:22 928] lgi        298  LGI_MSG_INIT  
[2021/08/14 23:39:22 928] lgi        305  lgi  lgi_  268436457  1573451739  
[2021/08/14 23:39:22 928] lgi        347  work_dir  .  
[2021/08/14 23:39:22 928] lgi        403  token:  nil  
[2021/08/14 23:39:22 928] lgi        476  msc cver : 5.0.44.1288  
[2021/08/14 23:39:22 928] lgi        519  ns_enable=  1  
[2021/08/14 23:39:22 928] lgi        531  prot_ver=1  
[2021/08/14 23:39:22 928] lgi        542  prot_type=tcp  
[2021/08/14 23:39:22 928] lgi        693  SYS_MSG_UNLOAD  go bg!  
[2021/08/14 23:39:23 176] lgi        697  SYS_MSG_SHUTDOWN  
============================================================
Time  2021/08/14 23:39:23 184 
============================================================
[2021/08/14 23:39:23 184] lgi        684  SYS_MSG_LOAD  
[2021/08/14 23:39:23 185] lgi        706  SYS_MSG_REGCB  msp_status_cb  func(54013920) 
[2021/08/14 23:39:23 185] lgi        298  LGI_MSG_INIT  
[2021/08/14 23:39:23 185] lgi        305  lgi  lgi_  268436457  1573451739  
[2021/08/14 23:39:23 185] lgi        347  work_dir  .  
[2021/08/14 23:39:23 186] lgi        403  token:  nil  
[2021/08/14 23:39:23 186] lgi        476  msc cver : 5.0.44.1288  
[2021/08/14 23:39:23 186] lgi        519  ns_enable=  1  
[2021/08/14 23:39:23 186] lgi        531  prot_ver=1  
[2021/08/14 23:39:23 186] lgi        542  prot_type=tcp  
[2021/08/14 23:39:23 186] lgi        693  SYS_MSG_UNLOAD  go bg!  
[2021/08/14 23:39:23 339] lgi        697  SYS_MSG_SHUTDOWN  
============================================================
Time  2021/08/14 23:39:23 347 
============================================================
[2021/08/14 23:39:23 347] lgi        684  SYS_MSG_LOAD  
[2021/08/14 23:39:23 347] lgi        706  SYS_MSG_REGCB  msp_status_cb  func(68013960) 
[2021/08/14 23:39:23 347] lgi        298  LGI_MSG_INIT  
[2021/08/14 23:39:23 347] lgi        305  lgi  lgi_  268436457  1573451739  
[2021/08/14 23:39:23 347] lgi        347  work_dir  .  
[2021/08/14 23:39:23 347] lgi        403  token:  nil  
[2021/08/14 23:39:23 347] lgi        476  msc cver : 5.0.44.1288  
[2021/08/14 23:39:23 347] lgi        519  ns_enable=  1  
[2021/08/14 23:39:23 347] lgi        531  prot_ver=1  
[2021/08/14 23:39:23 348] lgi        542  prot_type=tcp  
[2021/08/14 23:39:23 348] lgi        693  SYS_MSG_UNLOAD  go bg!  
[2021/08/14 23:39:23 535] lgi        697  SYS_MSG_SHUTDOWN  
============================================================
Time  2021/08/14 23:39:23 543 
============================================================
[2021/08/14 23:39:23 543] lgi        684  SYS_MSG_LOAD  
[2021/08/14 23:39:23 543] lgi        706  SYS_MSG_REGCB  msp_status_cb  func(ec013960) 
[2021/08/14 23:39:23 543] lgi        298  LGI_MSG_INIT  
[2021/08/14 23:39:23 543] lgi        305  lgi  lgi_  268436457  1573451739  
[2021/08/14 23:39:23 544] lgi        347  work_dir  .  
[2021/08/14 23:39:23 544] lgi        403  token:  nil  
[2021/08/14 23:39:23 544] lgi        476  msc cver : 5.0.44.1288  
[2021/08/14 23:39:23 544] lgi        519  ns_enable=  1  
[2021/08/14 23:39:23 544] lgi        531  prot_ver=1  
[2021/08/14 23:39:23 544] lgi        542  prot_type=tcp  
[2021/08/14 23:39:23 544] lgi        693  SYS_MSG_UNLOAD  go bg!  
[2021/08/14 23:39:23 709] lgi        697  SYS_MSG_SHUTDOWN  
============================================================
Time  2021/08/16 10:12:41 895 
============================================================
[2021/08/16 10:12:41 896] lgi        684  SYS_MSG_LOAD  
[2021/08/16 10:12:41 896] lgi        706  SYS_MSG_REGCB  msp_status_cb  func(f8013920) 
[2021/08/16 10:12:41 896] lgi        298  LGI_MSG_INIT  
[2021/08/16 10:12:41 896] lgi        305  lgi  lgi_  268436457  1573451739  
[2021/08/16 10:12:41 896] lgi        347  work_dir  .  
[2021/08/16 10:12:41 896] lgi        403  token:  nil  
[2021/08/16 10:12:41 896] lgi        476  msc cver : 5.0.44.1288  
[2021/08/16 10:12:41 896] lgi        519  ns_enable=  1  
[2021/08/16 10:12:41 896] lgi        531  prot_ver=1  
[2021/08/16 10:12:41 896] lgi        542  prot_type=tcp  
[2021/08/16 10:12:41 897] lgi        693  SYS_MSG_UNLOAD  go bg!  
[2021/08/16 10:12:41 897] lgi        697  SYS_MSG_SHUTDOWN  
============================================================
Time  2021/08/16 10:15:38 719 
============================================================
[2021/08/16 10:15:38 719] lgi        684  SYS_MSG_LOAD  
[2021/08/16 10:15:38 721] lgi        706  SYS_MSG_REGCB  msp_status_cb  func(6c013960) 
[2021/08/16 10:15:38 721] lgi        298  LGI_MSG_INIT  
[2021/08/16 10:15:38 721] lgi        305  lgi  lgi_  268436457  1573451739  
[2021/08/16 10:15:38 721] lgi        347  work_dir  .  
[2021/08/16 10:15:38 721] lgi        403  token:  nil  
[2021/08/16 10:15:38 721] lgi        476  msc cver : 5.0.44.1288  
[2021/08/16 10:15:38 721] lgi        519  ns_enable=  1  
[2021/08/16 10:15:38 721] lgi        531  prot_ver=1  
[2021/08/16 10:15:38 721] lgi        542  prot_type=tcp  
[2021/08/16 10:15:38 722] lgi        693  SYS_MSG_UNLOAD  go bg!  
[2021/08/16 10:15:38 775] lgi        697  SYS_MSG_SHUTDOWN  
============================================================
Time  2021/08/16 10:15:38 785 
============================================================
[2021/08/16 10:15:38 785] lgi        684  SYS_MSG_LOAD  
[2021/08/16 10:15:38 786] lgi        706  SYS_MSG_REGCB  msp_status_cb  func(a8013960) 
[2021/08/16 10:15:38 787] lgi        298  LGI_MSG_INIT  
[2021/08/16 10:15:38 787] lgi        305  lgi  lgi_  268436457  1573451739  
[2021/08/16 10:15:38 787] lgi        347  work_dir  .  
[2021/08/16 10:15:38 787] lgi        403  token:  nil  
[2021/08/16 10:15:38 787] lgi        476  msc cver : 5.0.44.1288  
[2021/08/16 10:15:38 787] lgi        519  ns_enable=  1  
[2021/08/16 10:15:38 787] lgi        531  prot_ver=1  
[2021/08/16 10:15:38 787] lgi        542  prot_type=tcp  
[2021/08/16 10:15:38 787] lgi        693  SYS_MSG_UNLOAD  go bg!  
[2021/08/16 10:15:38 993] lgi        697  SYS_MSG_SHUTDOWN  
============================================================
Time  2021/08/16 10:15:39 004 
============================================================
[2021/08/16 10:15:39 004] lgi        684  SYS_MSG_LOAD  
[2021/08/16 10:15:39 005] lgi        706  SYS_MSG_REGCB  msp_status_cb  func(d0013750) 
[2021/08/16 10:15:39 005] lgi        298  LGI_MSG_INIT  
[2021/08/16 10:15:39 005] lgi        305  lgi  lgi_  268436457  1573451739  
[2021/08/16 10:15:39 005] lgi        347  work_dir  .  
[2021/08/16 10:15:39 005] lgi        403  token:  nil  
[2021/08/16 10:15:39 005] lgi        476  msc cver : 5.0.44.1288  
[2021/08/16 10:15:39 005] lgi        519  ns_enable=  1  
[2021/08/16 10:15:39 005] lgi        531  prot_ver=1  
[2021/08/16 10:15:39 005] lgi        542  prot_type=tcp  
[2021/08/16 10:15:39 005] lgi        693  SYS_MSG_UNLOAD  go bg!  
[2021/08/16 10:15:39 358] lgi        697  SYS_MSG_SHUTDOWN  
============================================================
Time  2021/08/16 10:15:39 368 
============================================================
[2021/08/16 10:15:39 368] lgi        684  SYS_MSG_LOAD  
[2021/08/16 10:15:39 369] lgi        706  SYS_MSG_REGCB  msp_status_cb  func(dc013960) 
[2021/08/16 10:15:39 370] lgi        298  LGI_MSG_INIT  
[2021/08/16 10:15:39 370] lgi        305  lgi  lgi_  268436457  1573451739  
[2021/08/16 10:15:39 370] lgi        347  work_dir  .  
[2021/08/16 10:15:39 370] lgi        403  token:  nil  
[2021/08/16 10:15:39 370] lgi        476  msc cver : 5.0.44.1288  
[2021/08/16 10:15:39 370] lgi        519  ns_enable=  1  
[2021/08/16 10:15:39 370] lgi        531  prot_ver=1  
[2021/08/16 10:15:39 370] lgi        542  prot_type=tcp  
[2021/08/16 10:15:39 370] lgi        693  SYS_MSG_UNLOAD  go bg!  
[2021/08/16 10:15:39 569] lgi        697  SYS_MSG_SHUTDOWN  
============================================================
Time  2021/08/16 10:15:39 584 
============================================================
[2021/08/16 10:15:39 584] lgi        684  SYS_MSG_LOAD  
[2021/08/16 10:15:39 585] lgi        706  SYS_MSG_REGCB  msp_status_cb  func(5c013960) 
[2021/08/16 10:15:39 585] lgi        298  LGI_MSG_INIT  
[2021/08/16 10:15:39 585] lgi        305  lgi  lgi_  268436457  1573451739  
[2021/08/16 10:15:39 585] lgi        347  work_dir  .  
[2021/08/16 10:15:39 585] lgi        403  token:  nil  
[2021/08/16 10:15:39 585] lgi        476  msc cver : 5.0.44.1288  
[2021/08/16 10:15:39 585] lgi        519  ns_enable=  1  
[2021/08/16 10:15:39 585] lgi        531  prot_ver=1  
[2021/08/16 10:15:39 585] lgi        542  prot_type=tcp  
[2021/08/16 10:15:39 585] lgi        693  SYS_MSG_UNLOAD  go bg!  
[2021/08/16 10:15:39 944] lgi        697  SYS_MSG_SHUTDOWN  
============================================================
Time  2021/08/16 10:15:39 963 
============================================================
[2021/08/16 10:15:39 963] lgi        684  SYS_MSG_LOAD  
[2021/08/16 10:15:39 964] lgi        706  SYS_MSG_REGCB  msp_status_cb  func(94013960) 
[2021/08/16 10:15:39 964] lgi        298  LGI_MSG_INIT  
[2021/08/16 10:15:39 964] lgi        305  lgi  lgi_  268436457  1573451739  
[2021/08/16 10:15:39 964] lgi        347  work_dir  .  
[2021/08/16 10:15:39 964] lgi        403  token:  nil  
[2021/08/16 10:15:39 964] lgi        476  msc cver : 5.0.44.1288  
[2021/08/16 10:15:39 964] lgi        519  ns_enable=  1  
[2021/08/16 10:15:39 964] lgi        531  prot_ver=1  
[2021/08/16 10:15:39 964] lgi        542  prot_type=tcp  
[2021/08/16 10:15:39 965] lgi        693  SYS_MSG_UNLOAD  go bg!  
[2021/08/16 10:15:40 311] lgi        697  SYS_MSG_SHUTDOWN  
============================================================
Time  2021/08/16 10:29:16 732 
============================================================
[2021/08/16 10:29:16 732] lgi        684  SYS_MSG_LOAD  
[2021/08/16 10:29:16 732] lgi        706  SYS_MSG_REGCB  msp_status_cb  func(60013960) 
[2021/08/16 10:29:16 732] lgi        298  LGI_MSG_INIT  
[2021/08/16 10:29:16 732] lgi        305  lgi  lgi_  268436457  1573451739  
[2021/08/16 10:29:16 732] lgi        347  work_dir  .  
[2021/08/16 10:29:16 732] lgi        403  token:  nil  
[2021/08/16 10:29:16 732] lgi        476  msc cver : 5.0.44.1288  
[2021/08/16 10:29:16 732] lgi        519  ns_enable=  1  
[2021/08/16 10:29:16 733] lgi        531  prot_ver=1  
[2021/08/16 10:29:16 733] lgi        542  prot_type=tcp  
[2021/08/16 10:29:16 733] lgi        693  SYS_MSG_UNLOAD  go bg!  
[2021/08/16 10:29:16 773] lgi        697  SYS_MSG_SHUTDOWN  
============================================================
Time  2021/08/16 10:29:16 783 
============================================================
[2021/08/16 10:29:16 783] lgi        684  SYS_MSG_LOAD  
[2021/08/16 10:29:16 784] lgi        706  SYS_MSG_REGCB  msp_status_cb  func(d4053760) 
[2021/08/16 10:29:16 784] lgi        298  LGI_MSG_INIT  
[2021/08/16 10:29:16 784] lgi        305  lgi  lgi_  268436457  1573451739  
[2021/08/16 10:29:16 784] lgi        347  work_dir  .  
[2021/08/16 10:29:16 784] lgi        403  token:  nil  
[2021/08/16 10:29:16 784] lgi        476  msc cver : 5.0.44.1288  
[2021/08/16 10:29:16 784] lgi        519  ns_enable=  1  
[2021/08/16 10:29:16 784] lgi        531  prot_ver=1  
[2021/08/16 10:29:16 784] lgi        542  prot_type=tcp  
[2021/08/16 10:29:16 784] lgi        693  SYS_MSG_UNLOAD  go bg!  
[2021/08/16 10:29:16 976] lgi        697  SYS_MSG_SHUTDOWN  
============================================================
Time  2021/08/16 10:29:16 985 
============================================================
[2021/08/16 10:29:16 985] lgi        684  SYS_MSG_LOAD  
[2021/08/16 10:29:16 985] lgi        706  SYS_MSG_REGCB  msp_status_cb  func(5c053760) 
[2021/08/16 10:29:16 985] lgi        298  LGI_MSG_INIT  
[2021/08/16 10:29:16 985] lgi        305  lgi  lgi_  268436457  1573451739  
[2021/08/16 10:29:16 985] lgi        347  work_dir  .  
[2021/08/16 10:29:16 986] lgi        403  token:  nil  
[2021/08/16 10:29:16 986] lgi        476  msc cver : 5.0.44.1288  
[2021/08/16 10:29:16 986] lgi        519  ns_enable=  1  
[2021/08/16 10:29:16 986] lgi        531  prot_ver=1  
[2021/08/16 10:29:16 986] lgi        542  prot_type=tcp  
[2021/08/16 10:29:16 986] lgi        693  SYS_MSG_UNLOAD  go bg!  
[2021/08/16 10:29:17 359] lgi        697  SYS_MSG_SHUTDOWN  
============================================================
Time  2021/08/16 10:29:17 371 
============================================================
[2021/08/16 10:29:17 371] lgi        684  SYS_MSG_LOAD  
[2021/08/16 10:29:17 372] lgi        706  SYS_MSG_REGCB  msp_status_cb  func(c0013960) 
[2021/08/16 10:29:17 372] lgi        298  LGI_MSG_INIT  
[2021/08/16 10:29:17 372] lgi        305  lgi  lgi_  268436457  1573451739  
[2021/08/16 10:29:17 372] lgi        347  work_dir  .  
[2021/08/16 10:29:17 372] lgi        403  token:  nil  
[2021/08/16 10:29:17 372] lgi        476  msc cver : 5.0.44.1288  
[2021/08/16 10:29:17 372] lgi        519  ns_enable=  1  
[2021/08/16 10:29:17 372] lgi        531  prot_ver=1  
[2021/08/16 10:29:17 372] lgi        542  prot_type=tcp  
[2021/08/16 10:29:17 372] lgi        693  SYS_MSG_UNLOAD  go bg!  
[2021/08/16 10:29:17 589] lgi        697  SYS_MSG_SHUTDOWN  
============================================================
Time  2021/08/16 10:29:17 600 
============================================================
[2021/08/16 10:29:17 600] lgi        684  SYS_MSG_LOAD  
[2021/08/16 10:29:17 601] lgi        706  SYS_MSG_REGCB  msp_status_cb  func(6c013960) 
[2021/08/16 10:29:17 601] lgi        298  LGI_MSG_INIT  
[2021/08/16 10:29:17 601] lgi        305  lgi  lgi_  268436457  1573451739  
[2021/08/16 10:29:17 601] lgi        347  work_dir  .  
[2021/08/16 10:29:17 601] lgi        403  token:  nil  
[2021/08/16 10:29:17 601] lgi        476  msc cver : 5.0.44.1288  
[2021/08/16 10:29:17 601] lgi        519  ns_enable=  1  
[2021/08/16 10:29:17 601] lgi        531  prot_ver=1  
[2021/08/16 10:29:17 601] lgi        542  prot_type=tcp  
[2021/08/16 10:29:17 601] lgi        693  SYS_MSG_UNLOAD  go bg!  
[2021/08/16 10:29:17 886] lgi        697  SYS_MSG_SHUTDOWN  
============================================================
Time  2021/08/16 10:29:17 898 
============================================================
[2021/08/16 10:29:17 899] lgi        684  SYS_MSG_LOAD  
[2021/08/16 10:29:17 899] lgi        706  SYS_MSG_REGCB  msp_status_cb  func(a4053760) 
[2021/08/16 10:29:17 899] lgi        298  LGI_MSG_INIT  
[2021/08/16 10:29:17 899] lgi        305  lgi  lgi_  268436457  1573451739  
[2021/08/16 10:29:17 899] lgi        347  work_dir  .  
[2021/08/16 10:29:17 899] lgi        403  token:  nil  
[2021/08/16 10:29:17 899] lgi        476  msc cver : 5.0.44.1288  
[2021/08/16 10:29:17 899] lgi        519  ns_enable=  1  
[2021/08/16 10:29:17 899] lgi        531  prot_ver=1  
[2021/08/16 10:29:17 899] lgi        542  prot_type=tcp  
[2021/08/16 10:29:17 899] lgi        693  SYS_MSG_UNLOAD  go bg!  
[2021/08/16 10:29:18 179] lgi        697  SYS_MSG_SHUTDOWN  
============================================================
Time  2021/08/16 10:33:31 705 
============================================================
[2021/08/16 10:33:31 705] lgi        684  SYS_MSG_LOAD  
[2021/08/16 10:33:31 705] lgi        706  SYS_MSG_REGCB  msp_status_cb  func(b4053760) 
[2021/08/16 10:33:31 705] lgi        298  LGI_MSG_INIT  
[2021/08/16 10:33:31 705] lgi        305  lgi  lgi_  268436457  1573451739  
[2021/08/16 10:33:31 705] lgi        347  work_dir  .  
[2021/08/16 10:33:31 705] lgi        403  token:  nil  
[2021/08/16 10:33:31 706] lgi        476  msc cver : 5.0.44.1288  
[2021/08/16 10:33:31 706] lgi        519  ns_enable=  1  
[2021/08/16 10:33:31 706] lgi        531  prot_ver=1  
[2021/08/16 10:33:31 706] lgi        542  prot_type=tcp  
[2021/08/16 10:33:31 706] lgi        693  SYS_MSG_UNLOAD  go bg!  
[2021/08/16 10:33:31 759] lgi        697  SYS_MSG_SHUTDOWN  
============================================================
Time  2021/08/16 10:33:31 770 
============================================================
[2021/08/16 10:33:31 770] lgi        684  SYS_MSG_LOAD  
[2021/08/16 10:33:31 771] lgi        706  SYS_MSG_REGCB  msp_status_cb  func(74013960) 
[2021/08/16 10:33:31 771] lgi        298  LGI_MSG_INIT  
[2021/08/16 10:33:31 771] lgi        305  lgi  lgi_  268436457  1573451739  
[2021/08/16 10:33:31 771] lgi        347  work_dir  .  
[2021/08/16 10:33:31 771] lgi        403  token:  nil  
[2021/08/16 10:33:31 771] lgi        476  msc cver : 5.0.44.1288  
[2021/08/16 10:33:31 771] lgi        519  ns_enable=  1  
[2021/08/16 10:33:31 771] lgi        531  prot_ver=1  
[2021/08/16 10:33:31 771] lgi        542  prot_type=tcp  
[2021/08/16 10:33:31 771] lgi        693  SYS_MSG_UNLOAD  go bg!  
[2021/08/16 10:33:31 987] lgi        697  SYS_MSG_SHUTDOWN  
============================================================
Time  2021/08/16 10:33:32 000 
============================================================
[2021/08/16 10:33:32 000] lgi        684  SYS_MSG_LOAD  
[2021/08/16 10:33:32 000] lgi        706  SYS_MSG_REGCB  msp_status_cb  func(24013960) 
[2021/08/16 10:33:32 001] lgi        298  LGI_MSG_INIT  
[2021/08/16 10:33:32 001] lgi        305  lgi  lgi_  268436457  1573451739  
[2021/08/16 10:33:32 001] lgi        347  work_dir  .  
[2021/08/16 10:33:32 001] lgi        403  token:  nil  
[2021/08/16 10:33:32 001] lgi        476  msc cver : 5.0.44.1288  
[2021/08/16 10:33:32 001] lgi        519  ns_enable=  1  
[2021/08/16 10:33:32 001] lgi        531  prot_ver=1  
[2021/08/16 10:33:32 001] lgi        542  prot_type=tcp  
[2021/08/16 10:33:32 001] lgi        693  SYS_MSG_UNLOAD  go bg!  
[2021/08/16 10:33:32 351] lgi        697  SYS_MSG_SHUTDOWN  
============================================================
Time  2021/08/16 10:33:32 363 
============================================================
[2021/08/16 10:33:32 363] lgi        684  SYS_MSG_LOAD  
[2021/08/16 10:33:32 364] lgi        706  SYS_MSG_REGCB  msp_status_cb  func(54013960) 
[2021/08/16 10:33:32 364] lgi        298  LGI_MSG_INIT  
[2021/08/16 10:33:32 364] lgi        305  lgi  lgi_  268436457  1573451739  
[2021/08/16 10:33:32 364] lgi        347  work_dir  .  
[2021/08/16 10:33:32 364] lgi        403  token:  nil  
[2021/08/16 10:33:32 364] lgi        476  msc cver : 5.0.44.1288  
[2021/08/16 10:33:32 364] lgi        519  ns_enable=  1  
[2021/08/16 10:33:32 364] lgi        531  prot_ver=1  
[2021/08/16 10:33:32 364] lgi        542  prot_type=tcp  
[2021/08/16 10:33:32 364] lgi        693  SYS_MSG_UNLOAD  go bg!  
[2021/08/16 10:33:32 565] lgi        697  SYS_MSG_SHUTDOWN  
============================================================
Time  2021/08/16 10:33:32 577 
============================================================
[2021/08/16 10:33:32 578] lgi        684  SYS_MSG_LOAD  
[2021/08/16 10:33:32 578] lgi        706  SYS_MSG_REGCB  msp_status_cb  func(7c013920) 
[2021/08/16 10:33:32 578] lgi        298  LGI_MSG_INIT  
[2021/08/16 10:33:32 578] lgi        305  lgi  lgi_  268436457  1573451739  
[2021/08/16 10:33:32 578] lgi        347  work_dir  .  
[2021/08/16 10:33:32 578] lgi        403  token:  nil  
[2021/08/16 10:33:32 578] lgi        476  msc cver : 5.0.44.1288  
[2021/08/16 10:33:32 578] lgi        519  ns_enable=  1  
[2021/08/16 10:33:32 579] lgi        531  prot_ver=1  
[2021/08/16 10:33:32 579] lgi        542  prot_type=tcp  
[2021/08/16 10:33:32 579] lgi        693  SYS_MSG_UNLOAD  go bg!  
[2021/08/16 10:33:32 863] lgi        697  SYS_MSG_SHUTDOWN  
============================================================
Time  2021/08/16 10:33:32 874 
============================================================
[2021/08/16 10:33:32 874] lgi        684  SYS_MSG_LOAD  
[2021/08/16 10:33:32 874] lgi        706  SYS_MSG_REGCB  msp_status_cb  func(cc013920) 
[2021/08/16 10:33:32 874] lgi        298  LGI_MSG_INIT  
[2021/08/16 10:33:32 875] lgi        305  lgi  lgi_  268436457  1573451739  
[2021/08/16 10:33:32 875] lgi        347  work_dir  .  
[2021/08/16 10:33:32 875] lgi        403  token:  nil  
[2021/08/16 10:33:32 875] lgi        476  msc cver : 5.0.44.1288  
[2021/08/16 10:33:32 875] lgi        519  ns_enable=  1  
[2021/08/16 10:33:32 875] lgi        531  prot_ver=1  
[2021/08/16 10:33:32 875] lgi        542  prot_type=tcp  
[2021/08/16 10:33:32 875] lgi        693  SYS_MSG_UNLOAD  go bg!  
[2021/08/16 10:33:33 091] lgi        697  SYS_MSG_SHUTDOWN  
